2016-11-18 23:30:06 INFO  Main:106 - Секретная экспонента е: 59
2016-11-18 23:30:06 INFO  Main:107 - Числа p и q. p= 373; q= 331
2016-11-18 23:30:06 INFO  Main:108 - Публичный ключ: 59,123463
2016-11-18 23:30:06 INFO  Main:109 - Приватный ключ: 58259,123463
2016-11-18 23:30:06 INFO  Main:113 - Введенный текст в числовом виде: 
2016-11-18 23:30:06 INFO  Main:119 - Текст, отправленный по сети: 
2016-11-18 23:30:06 INFO  Main:121 - Текст, после расшифровки закрытым ключом: 
2016-11-18 23:30:06 INFO  Main:123 - Окончательно расшифрованный текст: 
2016-11-18 23:30:35 INFO  Main:106 - Секретная экспонента е: 1
2016-11-18 23:30:35 INFO  Main:107 - Числа p и q. p= 431; q= 359
2016-11-18 23:30:35 INFO  Main:108 - Публичный ключ: 1,154729
2016-11-18 23:30:35 INFO  Main:109 - Приватный ключ: 1,154729
2016-11-18 23:30:41 INFO  Main:106 - Секретная экспонента е: 59
2016-11-18 23:30:41 INFO  Main:107 - Числа p и q. p= 19; q= 11
2016-11-18 23:30:41 INFO  Main:108 - Публичный ключ: 59,209
2016-11-18 23:30:41 INFO  Main:109 - Приватный ключ: 119,209
2016-11-18 23:30:59 INFO  Main:114 - Введенный текст в числовом виде: hello world
2016-11-18 23:30:59 INFO  Main:120 - Текст, отправленный по сети: 2832353527204134277835115
2016-11-18 23:30:59 INFO  Main:122 - Текст, после расшифровки закрытым ключом: 2421282831133931342820
2016-11-18 23:30:59 INFO  Main:124 - Окончательно расшифрованный текст: hello world
